Build started 6/4/2015 2:14:19 PM.
     1>Project "C:\Users\peter.kollath\Documents\GitHub\gcal-cpp\VCal5beta.vcxproj" on node 2 (build target(s)).
     1>InitializeBuildStatus:
         Touching ".\Debug\VCal5beta.unsuccessfulbuild".
       ClCompile:
         All outputs are up-to-date.
         C:\Program Files (x86)\Microsoft Visual Studio 10.0\VC\bin\CL.exe /c /I"C:\Program Files\HTML Help Workshop\include\\" /ZI /nologo /W3 /WX- /Od /Oy- /D WIN32 /D _DEBUG /D _WINDOWS /D _VC80_UPGRADE=0x0600 /D _MBCS /D _AFXDLL /Gm /EHsc /RTC1 /MDd /GS /fp:precise /Zc:wchar_t /Zc:forScope /Yu"stdafx.h" /Fp"../gcal-debug/VCal5beta.pch" /Fo"../gcal-debug/" /Fd"../gcal-debug/vc100.pdb" /FR".\Debug\\" /Gd /TP /analyze- /errorReport:prompt GCVaisnavaDay.cpp
         GCVaisnavaDay.cpp
       ResourceCompile:
         C:\Program Files (x86)\Microsoft SDKs\Windows\v7.0A\bin\rc.exe /D _DEBUG /D _VC80_UPGRADE=0x0600 /D _AFXDLL /l"0x041b" /nologo /fo"../gcal-debug/gcal.res" VCal5beta.rc 
       ManifestResourceCompile:
         C:\Program Files (x86)\Microsoft SDKs\Windows\v7.0A\bin\rc.exe /nologo /fo".\Debug\VCal5beta.exe.embed.manifest.res" .\Debug\VCal5beta_manifest.rc 
     1>C:\Program Files (x86)\MSBuild\Microsoft.Cpp\v4.0\Microsoft.CppBuild.targets(990,5): warning MSB8012: TargetPath(C:\Users\peter.kollath\Documents\GitHub\gcal-cpp\.\Debug\VCal5beta.exe) does not match the Linker's OutputFile property value (C:\Users\peter.kollath\Documents\GitHub\gcal-debug\gcal.exe). This may cause your project to build incorrectly. To correct this, please make sure that $(OutDir), $(TargetName) and $(TargetExt) property values match the value specified in %(Link.OutputFile).
     1>C:\Program Files (x86)\MSBuild\Microsoft.Cpp\v4.0\Microsoft.CppBuild.targets(992,5): warning MSB8012: TargetName(VCal5beta) does not match the Linker's OutputFile property value (gcal). This may cause your project to build incorrectly. To correct this, please make sure that $(OutDir), $(TargetName) and $(TargetExt) property values match the value specified in %(Link.OutputFile).
       Link:
         C:\Program Files (x86)\Microsoft Visual Studio 10.0\VC\bin\link.exe /ERRORREPORT:PROMPT /OUT:"../gcal-debug/gcal.exe" /INCREMENTAL /NOLOGO /LIBPATH:"C:\Program Files\HTML Help Workshop\lib\\" Htmlhelp.lib /MANIFEST /ManifestFile:".\Debug\VCal5beta.exe.intermediate.manifest" /MANIFESTUAC:"level='asInvoker' uiAccess='false'" /DEBUG /PDB:"../gcal-debug/gcal.pdb" /SUBSYSTEM:WINDOWS /TLBID:1 /DYNAMICBASE:NO /IMPLIB:".\Debug\VCal5beta.lib" /MACHINE:X86 "../gcal-debug/gcal.res"
         .\Debug\VCal5beta.exe.embed.manifest.res
         "../gcal-debug/astro_html.obj"
         "../gcal-debug/avc.obj"
         "../gcal-debug/CommandLineVCal.obj"
         "../gcal-debug/ConditionsView.obj"
         "../gcal-debug/CustomEvent.obj"
         "../gcal-debug/DayFindBuffer.obj"
         "../gcal-debug/DlgAskLimitation.obj"
         "../gcal-debug/DlgCalcProgress.obj"
         "../gcal-debug/DlgCustomEventDialog.obj"
         "../gcal-debug/DlgEditCustomEvent.obj"
         "../gcal-debug/DlgEditLocation.obj"
         "../gcal-debug/DlgEditString.obj"
         "../gcal-debug/DlgEventsGaubdTM.obj"
         "../gcal-debug/DlgEventsGetText.obj"
         "../gcal-debug/DlgEventsTypeOfEvent.obj"
         "../gcal-debug/DlgGetDate.obj"
         "../gcal-debug/DlgGetEndDate.obj"
         "../gcal-debug/DlgGetEventSpec.obj"
         "../gcal-debug/DlgGetLocation.obj"
         "../gcal-debug/DlgGetLocationEx.obj"
         "../gcal-debug/DlgMasaListing.obj"
         "../gcal-debug/DlgObservedEvents.obj"
         "../gcal-debug/DlgRenameCountry.obj"
         "../gcal-debug/DlgSelectLangOutput.obj"
         "../gcal-debug/DlgSetAyanamsaType.obj"
         "../gcal-debug/DlgSetPrintStyle.obj"
         "../gcal-debug/DlgSpecCommand.obj"
         "../gcal-debug/DlgStringManager.obj"
         "../gcal-debug/DNewCountry.obj"
         "../gcal-debug/DPageAstro.obj"
         "../gcal-debug/DPageAstroVedic.obj"
         "../gcal-debug/DPageFest.obj"
         "../gcal-debug/DPageGeneral.obj"
         "../gcal-debug/EditClipboarded.obj"
         "../gcal-debug/EventsHtmlView.obj"
         "../gcal-debug/FrameBase.obj"
         "../gcal-debug/FrameEvents.obj"
         "../gcal-debug/FrameFind.obj"
         "../gcal-debug/FrameLocs.obj"
         "../gcal-debug/FrameMain.obj"
         "../gcal-debug/FrameServer.obj"
         "../gcal-debug/gcal_evx.obj"
         "../gcal-debug/GCAyanamsha.obj"
         "../gcal-debug/GCCalendar.obj"
         "../gcal-debug/GCConjunction.obj"
         "../gcal-debug/GCDayData.obj"
         "../gcal-debug/GCDayHours.obj"
         "../gcal-debug/GCDisplaySettings.obj"
         "../gcal-debug/GCEarthData.obj"
         "../gcal-debug/GCGregorianTime.obj"
         "../gcal-debug/GCMoonData.obj"
         "../gcal-debug/GCNaksatra.obj"
         "../gcal-debug/GCRasi.obj"
         "../gcal-debug/GCSankranti.obj"
         "../gcal-debug/GCStrings.obj"
         "../gcal-debug/GCSunData.obj"
         "../gcal-debug/GCTithi.obj"
         "../gcal-debug/GCVaisnavaDay.obj"
         "../gcal-debug/GCVedicTime.obj"
         "../gcal-debug/globvar.obj"
         "../gcal-debug/gmath.obj"
         "../gcal-debug/init_tips.obj"
         "../gcal-debug/level_0.obj"
         "../gcal-debug/level_5.obj"
         "../gcal-debug/level_5_days.obj"
         "../gcal-debug/level_6.obj"
         "../gcal-debug/ListBoxClipboarded.obj"
         "../gcal-debug/Location.obj"
         "../gcal-debug/LocsTabCtrl.obj"
         "../gcal-debug/MyWebView.obj"
         "../gcal-debug/outcities.obj"
         "../gcal-debug/RichEditResults.obj"
         "../gcal-debug/StaticHeader1.obj"
         "../gcal-debug/StaticHeader3.obj"
         "../gcal-debug/StdAfx.obj"
         "../gcal-debug/strings.obj"
         "../gcal-debug/TCountry.obj"
         "../gcal-debug/TextEditWnd.obj"
         "../gcal-debug/TFile.obj"
         "../gcal-debug/TFileRichList.obj"
         "../gcal-debug/TipDlg.obj"
         "../gcal-debug/TithiCalc.obj"
         "../gcal-debug/TResultEvents.obj"
         "../gcal-debug/TResultMasaList.obj"
         "../gcal-debug/TString.obj"
         "../gcal-debug/TStringStorage.obj"
         "../gcal-debug/TTimeZone.obj"
         "../gcal-debug/VCal5beta.obj"
         "../gcal-debug/vedic_ui.obj"
         "../gcal-debug/write_f.obj"
         "../gcal-debug/XmlFile.obj"
       Manifest:
         C:\Program Files (x86)\Microsoft SDKs\Windows\v7.0A\bin\mt.exe /nologo /verbose /out:".\Debug\VCal5beta.exe.embed.manifest" /manifest .\Debug\VCal5beta.exe.intermediate.manifest "C:\Program Files (x86)\Microsoft Visual Studio 10.0\VC\Include\Manifest\dpiaware.manifest"
         C:\Program Files (x86)\Microsoft SDKs\Windows\v7.0A\bin\rc.exe /nologo /fo".\Debug\VCal5beta.exe.embed.manifest.res" .\Debug\VCal5beta_manifest.rc 
       LinkEmbedManifest:
         C:\Program Files (x86)\Microsoft Visual Studio 10.0\VC\bin\link.exe /ERRORREPORT:PROMPT /OUT:"../gcal-debug/gcal.exe" /INCREMENTAL /NOLOGO /LIBPATH:"C:\Program Files\HTML Help Workshop\lib\\" Htmlhelp.lib /MANIFEST /ManifestFile:".\Debug\VCal5beta.exe.intermediate.manifest" /MANIFESTUAC:"level='asInvoker' uiAccess='false'" /DEBUG /PDB:"../gcal-debug/gcal.pdb" /SUBSYSTEM:WINDOWS /TLBID:1 /DYNAMICBASE:NO /IMPLIB:".\Debug\VCal5beta.lib" /MACHINE:X86 "../gcal-debug/gcal.res"
         .\Debug\VCal5beta.exe.embed.manifest.res
         "../gcal-debug/astro_html.obj"
         "../gcal-debug/avc.obj"
         "../gcal-debug/CommandLineVCal.obj"
         "../gcal-debug/ConditionsView.obj"
         "../gcal-debug/CustomEvent.obj"
         "../gcal-debug/DayFindBuffer.obj"
         "../gcal-debug/DlgAskLimitation.obj"
         "../gcal-debug/DlgCalcProgress.obj"
         "../gcal-debug/DlgCustomEventDialog.obj"
         "../gcal-debug/DlgEditCustomEvent.obj"
         "../gcal-debug/DlgEditLocation.obj"
         "../gcal-debug/DlgEditString.obj"
         "../gcal-debug/DlgEventsGaubdTM.obj"
         "../gcal-debug/DlgEventsGetText.obj"
         "../gcal-debug/DlgEventsTypeOfEvent.obj"
         "../gcal-debug/DlgGetDate.obj"
         "../gcal-debug/DlgGetEndDate.obj"
         "../gcal-debug/DlgGetEventSpec.obj"
         "../gcal-debug/DlgGetLocation.obj"
         "../gcal-debug/DlgGetLocationEx.obj"
         "../gcal-debug/DlgMasaListing.obj"
         "../gcal-debug/DlgObservedEvents.obj"
         "../gcal-debug/DlgRenameCountry.obj"
         "../gcal-debug/DlgSelectLangOutput.obj"
         "../gcal-debug/DlgSetAyanamsaType.obj"
         "../gcal-debug/DlgSetPrintStyle.obj"
         "../gcal-debug/DlgSpecCommand.obj"
         "../gcal-debug/DlgStringManager.obj"
         "../gcal-debug/DNewCountry.obj"
         "../gcal-debug/DPageAstro.obj"
         "../gcal-debug/DPageAstroVedic.obj"
         "../gcal-debug/DPageFest.obj"
         "../gcal-debug/DPageGeneral.obj"
         "../gcal-debug/EditClipboarded.obj"
         "../gcal-debug/EventsHtmlView.obj"
         "../gcal-debug/FrameBase.obj"
         "../gcal-debug/FrameEvents.obj"
         "../gcal-debug/FrameFind.obj"
         "../gcal-debug/FrameLocs.obj"
         "../gcal-debug/FrameMain.obj"
         "../gcal-debug/FrameServer.obj"
         "../gcal-debug/gcal_evx.obj"
         "../gcal-debug/GCAyanamsha.obj"
         "../gcal-debug/GCCalendar.obj"
         "../gcal-debug/GCConjunction.obj"
         "../gcal-debug/GCDayData.obj"
         "../gcal-debug/GCDayHours.obj"
         "../gcal-debug/GCDisplaySettings.obj"
         "../gcal-debug/GCEarthData.obj"
         "../gcal-debug/GCGregorianTime.obj"
         "../gcal-debug/GCMoonData.obj"
         "../gcal-debug/GCNaksatra.obj"
         "../gcal-debug/GCRasi.obj"
         "../gcal-debug/GCSankranti.obj"
         "../gcal-debug/GCStrings.obj"
         "../gcal-debug/GCSunData.obj"
         "../gcal-debug/GCTithi.obj"
         "../gcal-debug/GCVaisnavaDay.obj"
         "../gcal-debug/GCVedicTime.obj"
         "../gcal-debug/globvar.obj"
         "../gcal-debug/gmath.obj"
         "../gcal-debug/init_tips.obj"
         "../gcal-debug/level_0.obj"
         "../gcal-debug/level_5.obj"
         "../gcal-debug/level_5_days.obj"
         "../gcal-debug/level_6.obj"
         "../gcal-debug/ListBoxClipboarded.obj"
         "../gcal-debug/Location.obj"
         "../gcal-debug/LocsTabCtrl.obj"
         "../gcal-debug/MyWebView.obj"
         "../gcal-debug/outcities.obj"
         "../gcal-debug/RichEditResults.obj"
         "../gcal-debug/StaticHeader1.obj"
         "../gcal-debug/StaticHeader3.obj"
         "../gcal-debug/StdAfx.obj"
         "../gcal-debug/strings.obj"
         "../gcal-debug/TCountry.obj"
         "../gcal-debug/TextEditWnd.obj"
         "../gcal-debug/TFile.obj"
         "../gcal-debug/TFileRichList.obj"
         "../gcal-debug/TipDlg.obj"
         "../gcal-debug/TithiCalc.obj"
         "../gcal-debug/TResultEvents.obj"
         "../gcal-debug/TResultMasaList.obj"
         "../gcal-debug/TString.obj"
         "../gcal-debug/TStringStorage.obj"
         "../gcal-debug/TTimeZone.obj"
         "../gcal-debug/VCal5beta.obj"
         "../gcal-debug/vedic_ui.obj"
         "../gcal-debug/write_f.obj"
         "../gcal-debug/XmlFile.obj"
         VCal5beta.vcxproj -> C:\Users\peter.kollath\Documents\GitHub\gcal-cpp\.\Debug\VCal5beta.exe
       BscMake:
         C:\Program Files (x86)\Microsoft Visual Studio 10.0\VC\bin\bscmake.exe /nologo /o"../gcal-debug/gcal.bsc" .\Debug\astro_html.sbr .\Debug\avc.sbr .\Debug\CommandLineVCal.sbr .\Debug\ConditionsView.sbr .\Debug\CustomEvent.sbr .\Debug\DayFindBuffer.sbr .\Debug\DlgAskLimitation.sbr .\Debug\DlgCalcProgress.sbr .\Debug\DlgCustomEventDialog.sbr .\Debug\DlgEditCustomEvent.sbr .\Debug\DlgEditLocation.sbr .\Debug\DlgEditString.sbr .\Debug\DlgEventsGaubdTM.sbr .\Debug\DlgEventsGetText.sbr .\Debug\DlgEventsTypeOfEvent.sbr .\Debug\DlgGetDate.sbr .\Debug\DlgGetEndDate.sbr .\Debug\DlgGetEventSpec.sbr .\Debug\DlgGetLocation.sbr .\Debug\DlgGetLocationEx.sbr .\Debug\DlgMasaListing.sbr .\Debug\DlgObservedEvents.sbr .\Debug\DlgRenameCountry.sbr .\Debug\DlgSelectLangOutput.sbr .\Debug\DlgSetAyanamsaType.sbr .\Debug\DlgSetPrintStyle.sbr .\Debug\DlgSpecCommand.sbr .\Debug\DlgStringManager.sbr .\Debug\DNewCountry.sbr .\Debug\DPageAstro.sbr .\Debug\DPageAstroVedic.sbr .\Debug\DPageFest.sbr .\Debug\DPageGeneral.sbr .\Debug\EditClipboarded.sbr .\Debug\EventsHtmlView.sbr .\Debug\FrameBase.sbr .\Debug\FrameEvents.sbr .\Debug\FrameFind.sbr .\Debug\FrameLocs.sbr .\Debug\FrameMain.sbr .\Debug\FrameServer.sbr .\Debug\gcal_evx.sbr .\Debug\GCAyanamsha.sbr .\Debug\GCCalendar.sbr .\Debug\GCConjunction.sbr .\Debug\GCDayData.sbr .\Debug\GCDayHours.sbr .\Debug\GCDisplaySettings.sbr .\Debug\GCEarthData.sbr .\Debug\GCGregorianTime.sbr .\Debug\GCMoonData.sbr .\Debug\GCNaksatra.sbr .\Debug\GCRasi.sbr .\Debug\GCSankranti.sbr .\Debug\GCStrings.sbr .\Debug\GCSunData.sbr .\Debug\GCTithi.sbr .\Debug\GCVaisnavaDay.sbr .\Debug\GCVedicTime.sbr .\Debug\globvar.sbr .\Debug\gmath.sbr .\Debug\init_tips.sbr .\Debug\level_0.sbr .\Debug\level_5.sbr .\Debug\level_5_days.sbr .\Debug\level_6.sbr .\Debug\ListBoxClipboarded.sbr .\Debug\Location.sbr .\Debug\LocsTabCtrl.sbr .\Debug\MyWebView.sbr .\Debug\outcities.sbr .\Debug\RichEditResults.sbr .\Debug\StaticHeader1.sbr .\Debug\StaticHeader3.sbr .\Debug\StdAfx.sbr .\Debug\strings.sbr .\Debug\TCountry.sbr .\Debug\TextEditWnd.sbr .\Debug\TFile.sbr .\Debug\TFileRichList.sbr .\Debug\TipDlg.sbr .\Debug\TithiCalc.sbr .\Debug\TResultEvents.sbr .\Debug\TResultMasaList.sbr .\Debug\TString.sbr .\Debug\TStringStorage.sbr .\Debug\TTimeZone.sbr .\Debug\VCal5beta.sbr .\Debug\vedic_ui.sbr .\Debug\write_f.sbr .\Debug\XmlFile.sbr
       FinalizeBuildStatus:
         Deleting file ".\Debug\VCal5beta.unsuccessfulbuild".
         Touching ".\Debug\VCal5beta.lastbuildstate".
     1>Done Building Project "C:\Users\peter.kollath\Documents\GitHub\gcal-cpp\VCal5beta.vcxproj" (build target(s)).

Build succeeded.

Time Elapsed 00:00:06.32
